[__main__]>[2017-11-03 12:20:26,107]|: Started new MEx instance
[__main__]>[2017-11-03 12:20:26,107]|: ['task', 'who']
[__main__]>[2017-11-03 12:20:26,107]|: Input: i would like you to set up a meeting
[__main__]>[2017-11-03 12:20:26,110]|: inputWord exists meeting
[__main__]>[2017-11-03 12:21:50,682]|: Started new MEx instance
[__main__]>[2017-11-03 12:21:50,682]|: ['task', 'who']
[__main__]>[2017-11-03 12:21:50,682]|: Input: can you call Phil
[__main__]>[2017-11-03 12:21:50,683]|: inputWord exists call
[__main__]>[2017-11-03 12:22:10,592]|: Started new MEx instance
[__main__]>[2017-11-03 12:22:10,592]|: ['task', 'who']
[__main__]>[2017-11-03 12:22:10,592]|: Input: where am i
[__main__]>[2017-11-03 12:22:10,593]|: inputWord exists where
[__main__]>[2017-11-03 12:22:31,189]|: Started new MEx instance
[__main__]>[2017-11-03 12:22:31,189]|: ['task', 'who']
[__main__]>[2017-11-03 12:22:31,190]|: Input: i would like you to set up a meeting
[__main__]>[2017-11-03 12:22:31,192]|: inputWord exists meeting
[__main__]>[2017-11-03 12:22:47,035]|: Started new MEx instance
[__main__]>[2017-11-03 12:22:47,036]|: ['task', 'who']
[__main__]>[2017-11-03 12:22:47,036]|: Input: where am i
[__main__]>[2017-11-03 12:22:47,036]|: inputWord exists where
[__main__]>[2017-11-03 12:23:24,990]|: Started new MEx instance
[__main__]>[2017-11-03 12:23:24,990]|: ['task', 'who']
[__main__]>[2017-11-03 12:23:24,990]|: Input: i would like you to set up a meeting
[__main__]>[2017-11-03 12:23:24,993]|: inputWord exists meeting
[__main__]>[2017-11-03 12:23:39,975]|: Started new MEx instance
[__main__]>[2017-11-03 12:23:39,975]|: ['task', 'who']
[__main__]>[2017-11-03 12:23:39,975]|: Input: where am i
[__main__]>[2017-11-03 12:23:39,976]|: inputWord exists where
[__main__]>[2017-11-03 12:23:55,009]|: Started new MEx instance
[__main__]>[2017-11-03 12:23:55,009]|: ['task', 'who']
[__main__]>[2017-11-03 12:23:55,010]|: Input: where am i
[__main__]>[2017-11-03 12:23:55,010]|: inputWord exists where
[__main__]>[2017-11-03 12:24:09,503]|: Started new MEx instance
[__main__]>[2017-11-03 12:24:09,504]|: ['task', 'who']
[__main__]>[2017-11-03 12:24:09,504]|: Input: can you call Phil
[__main__]>[2017-11-03 12:24:09,504]|: inputWord exists call
[__main__]>[2017-11-03 12:24:32,759]|: Started new MEx instance
[__main__]>[2017-11-03 12:24:32,759]|: ['task', 'who']
[__main__]>[2017-11-03 12:24:32,759]|: Input: i would like you to set up a meeting
[__main__]>[2017-11-03 12:24:32,762]|: inputWord exists meeting
[__main__]>[2017-11-03 12:25:11,853]|: Started new MEx instance
[__main__]>[2017-11-03 12:25:11,854]|: ['task', 'who']
[__main__]>[2017-11-03 12:25:11,854]|: Input: can you call Phil
[__main__]>[2017-11-03 12:25:11,855]|: inputWord exists call
[__main__]>[2017-11-03 12:26:21,408]|: Started new MEx instance
[__main__]>[2017-11-03 12:26:21,409]|: ['task', 'who']
[__main__]>[2017-11-03 12:26:21,409]|: Input: i would like you to set up a meeting
[__main__]>[2017-11-03 12:26:21,411]|: inputWord exists meeting
[__main__]>[2017-11-03 12:26:44,422]|: Started new MEx instance
[__main__]>[2017-11-03 12:26:44,422]|: ['task', 'who']
[__main__]>[2017-11-03 12:26:44,422]|: Input: where am i
[__main__]>[2017-11-03 12:26:44,422]|: inputWord exists where
[__main__]>[2017-11-03 12:28:03,078]|: Started new MEx instance
[__main__]>[2017-11-03 12:28:03,078]|: ['task', 'who']
[__main__]>[2017-11-03 12:28:03,078]|: Input: where am i
[__main__]>[2017-11-03 14:33:28,779]|: Started new MEx instance
[__main__]>[2017-11-03 14:33:28,780]|: ['task', 'who']
[__main__]>[2017-11-03 14:33:28,780]|: Input: can you call Phil
[__main__]>[2017-11-03 14:33:28,781]|: inputWord exists call
[__main__]>[2017-11-03 14:34:02,192]|: Started new MEx instance
[__main__]>[2017-11-03 14:34:02,192]|: ['task', 'who']
[__main__]>[2017-11-03 14:34:02,192]|: Input: can you call Phil
[__main__]>[2017-11-03 14:34:02,193]|: inputWord exists call
[__main__]>[2017-11-03 14:34:28,726]|: Started new MEx instance
[__main__]>[2017-11-03 14:34:28,726]|: ['task', 'who']
[__main__]>[2017-11-03 14:34:28,726]|: Input: where am i
[__main__]>[2017-11-03 14:34:28,726]|: inputWord exists where
[__main__]>[2017-11-03 14:34:43,145]|: Started new MEx instance
[__main__]>[2017-11-03 14:34:43,145]|: ['task', 'who']
[__main__]>[2017-11-03 14:34:43,145]|: Input: where am i
[__main__]>[2017-11-03 14:34:43,145]|: inputWord exists where
[__main__]>[2017-11-03 14:35:26,329]|: Started new MEx instance
[__main__]>[2017-11-03 14:35:26,329]|: ['task', 'who']
[__main__]>[2017-11-03 14:35:26,329]|: Input: can you call Phil
[__main__]>[2017-11-03 14:37:14,175]|: Started new MEx instance
[__main__]>[2017-11-03 14:37:14,175]|: ['task', 'who']
[__main__]>[2017-11-03 14:37:14,175]|: Input: i would like you to set up a meeting
[__main__]>[2017-11-03 14:37:14,178]|: inputWord exists meeting
[__main__]>[2017-11-03 14:38:33,746]|: Started new MEx instance
[__main__]>[2017-11-03 14:38:33,746]|: ['task', 'who']
[__main__]>[2017-11-03 14:38:33,747]|: Input: where am i
[__main__]>[2017-11-03 14:39:43,924]|: Started new MEx instance
[__main__]>[2017-11-03 14:39:43,924]|: ['task', 'who']
[__main__]>[2017-11-03 14:39:43,924]|: Input: where am i
[__main__]>[2017-11-03 14:39:43,924]|: inputWord exists where
[__main__]>[2017-11-03 14:40:19,593]|: Started new MEx instance
[__main__]>[2017-11-03 14:40:19,594]|: ['task', 'who']
[__main__]>[2017-11-03 14:40:19,594]|: Input: i would like you to set up a meeting
[__main__]>[2017-11-03 14:41:08,706]|: Started new MEx instance
[__main__]>[2017-11-03 14:41:08,706]|: ['task', 'who']
[__main__]>[2017-11-03 14:41:08,707]|: Input: i would like you to set up a meeting
[__main__]>[2017-11-03 14:41:08,709]|: inputWord exists meeting
[__main__]>[2017-11-03 15:06:25,632]|: Started new MEx instance
[__main__]>[2017-11-03 15:06:25,651]|: ['task', 'who']
[__main__]>[2017-11-03 15:06:25,651]|: Input: where am i
[__main__]>[2017-11-03 15:06:25,651]|: inputWord exists where
[__main__]>[2017-11-03 15:06:38,890]|: Started new MEx instance
[__main__]>[2017-11-03 15:06:38,890]|: ['task', 'who']
[__main__]>[2017-11-03 15:06:38,890]|: Input: where am i
[__main__]>[2017-11-03 15:06:38,890]|: inputWord exists where
[__main__]>[2017-11-03 15:08:46,005]|: Started new MEx instance
[__main__]>[2017-11-03 15:08:46,005]|: ['task', 'who']
[__main__]>[2017-11-03 15:08:46,005]|: Input: i would like you to set up a meeting
[__main__]>[2017-11-03 15:08:46,008]|: inputWord exists meeting
[__main__]>[2017-11-03 15:09:16,837]|: Started new MEx instance
[__main__]>[2017-11-03 15:09:16,837]|: ['task', 'who']
[__main__]>[2017-11-03 15:09:16,837]|: Input: can you call Phil
[__main__]>[2017-11-03 15:09:16,838]|: inputWord exists call
[__main__]>[2017-11-03 15:10:35,361]|: Started new MEx instance
[__main__]>[2017-11-03 15:10:35,361]|: ['task', 'who']
[__main__]>[2017-11-03 15:10:35,361]|: Input: can you call Phil
[__main__]>[2017-11-03 15:10:35,361]|: inputWord NOT exists can
[__main__]>[2017-11-03 15:10:35,362]|: inputWord NOT exists you
[__main__]>[2017-11-03 15:10:35,362]|: inputWord exists call
[__main__]>[2017-11-03 15:10:35,363]|: inputWord NOT exists Phil
[__main__]>[2017-11-03 15:13:19,407]|: Started new MEx instance
[__main__]>[2017-11-03 15:13:19,407]|: ['task', 'who']
[__main__]>[2017-11-03 15:13:19,407]|: Input: where am i
[__main__]>[2017-11-03 15:13:19,407]|: inputWord exists where
[__main__]>[2017-11-03 15:13:56,636]|: Started new MEx instance
[__main__]>[2017-11-03 15:13:56,637]|: ['task', 'who']
[__main__]>[2017-11-03 15:13:56,637]|: Input: can you call Phil
[__main__]>[2017-11-03 15:13:56,637]|: inputWord NOT exists can
[__main__]>[2017-11-03 15:14:35,331]|: Started new MEx instance
[__main__]>[2017-11-03 15:14:35,331]|: ['task', 'who']
[__main__]>[2017-11-03 15:14:35,332]|: Input: can you call Phil
[__main__]>[2017-11-03 15:14:35,332]|: inputWord NOT exists can
[__main__]>[2017-11-03 15:14:35,332]|: inputWord NOT exists you
[__main__]>[2017-11-03 15:14:35,332]|: inputWord exists call
[__main__]>[2017-11-03 15:14:35,332]|: inputWord NOT exists Phil
[__main__]>[2017-11-03 15:15:08,382]|: Started new MEx instance
[__main__]>[2017-11-03 15:15:08,382]|: ['task', 'who']
[__main__]>[2017-11-03 15:15:08,382]|: Input: can you call Phil
[__main__]>[2017-11-03 15:15:08,383]|: inputWord NOT exists can
[__main__]>[2017-11-03 15:15:08,383]|: inputWord NOT exists you
[__main__]>[2017-11-03 15:15:08,383]|: inputWord exists call
[__main__]>[2017-11-03 15:15:08,383]|: inputWord NOT exists Phil
[__main__]>[2017-11-03 15:15:20,574]|: Started new MEx instance
[__main__]>[2017-11-03 15:15:20,574]|: ['task', 'who']
[__main__]>[2017-11-03 15:15:20,574]|: Input: can you call Phil
[__main__]>[2017-11-03 15:15:20,574]|: inputWord NOT exists can
[__main__]>[2017-11-03 15:15:20,575]|: inputWord NOT exists you
[__main__]>[2017-11-03 15:15:20,575]|: inputWord exists call
[__main__]>[2017-11-03 15:15:20,575]|: inputWord NOT exists Phil
[__main__]>[2017-11-03 15:16:57,781]|: Started new MEx instance
[__main__]>[2017-11-03 15:16:57,781]|: ['task', 'who']
[__main__]>[2017-11-03 15:16:57,781]|: Input: where am i
[__main__]>[2017-11-03 15:16:57,782]|: inputWord exists where
[__main__]>[2017-11-03 15:16:57,782]|: inputWord NOT exists am
[__main__]>[2017-11-03 15:16:57,782]|: inputWord NOT exists i
[__main__]>[2017-11-03 15:17:17,313]|: Started new MEx instance
[__main__]>[2017-11-03 15:17:17,313]|: ['task', 'who']
[__main__]>[2017-11-03 15:17:17,313]|: Input: where am i
[__main__]>[2017-11-03 15:17:17,313]|: inputWord exists where
[__main__]>[2017-11-03 15:17:17,313]|: inputWord NOT exists am
[__main__]>[2017-11-03 15:17:17,313]|: inputWord NOT exists i
[__main__]>[2017-11-03 15:17:19,099]|: Started new MEx instance
[__main__]>[2017-11-03 15:17:19,099]|: ['task', 'who']
[__main__]>[2017-11-03 15:17:19,099]|: Input: where am i
[__main__]>[2017-11-03 15:17:19,099]|: inputWord exists where
[__main__]>[2017-11-03 15:17:19,099]|: inputWord NOT exists am
[__main__]>[2017-11-03 15:17:19,099]|: inputWord NOT exists i
[__main__]>[2017-11-03 15:17:20,075]|: Started new MEx instance
[__main__]>[2017-11-03 15:17:20,075]|: ['task', 'who']
[__main__]>[2017-11-03 15:17:20,075]|: Input: i would like you to set up a meeting
[__main__]>[2017-11-03 15:17:20,075]|: inputWord NOT exists i
[__main__]>[2017-11-03 15:17:20,076]|: inputWord NOT exists would
[__main__]>[2017-11-03 15:17:20,076]|: inputWord NOT exists like
[__main__]>[2017-11-03 15:17:20,076]|: inputWord NOT exists you
[__main__]>[2017-11-03 15:17:20,076]|: inputWord NOT exists to
[__main__]>[2017-11-03 15:17:20,076]|: inputWord NOT exists set
[__main__]>[2017-11-03 15:17:20,076]|: inputWord NOT exists up
[__main__]>[2017-11-03 15:17:20,076]|: inputWord NOT exists a
[__main__]>[2017-11-03 15:17:20,076]|: inputWord exists meeting
[__main__]>[2017-11-03 15:17:26,078]|: Started new MEx instance
[__main__]>[2017-11-03 15:17:26,078]|: ['task', 'who']
[__main__]>[2017-11-03 15:17:26,078]|: Input: i would like you to set up a meeting
[__main__]>[2017-11-03 15:17:26,078]|: inputWord NOT exists i
[__main__]>[2017-11-03 15:17:26,078]|: inputWord NOT exists would
[__main__]>[2017-11-03 15:17:26,078]|: inputWord NOT exists like
[__main__]>[2017-11-03 15:17:26,079]|: inputWord NOT exists you
[__main__]>[2017-11-03 15:17:26,079]|: inputWord NOT exists to
[__main__]>[2017-11-03 15:17:26,079]|: inputWord NOT exists set
[__main__]>[2017-11-03 15:17:26,079]|: inputWord NOT exists up
[__main__]>[2017-11-03 15:17:26,079]|: inputWord NOT exists a
[__main__]>[2017-11-03 15:17:26,079]|: inputWord exists meeting
[__main__]>[2017-11-03 15:17:27,288]|: Started new MEx instance
[__main__]>[2017-11-03 15:17:27,289]|: ['task', 'who']
[__main__]>[2017-11-03 15:17:27,289]|: Input: i would like you to set up a meeting
[__main__]>[2017-11-03 15:17:27,289]|: inputWord NOT exists i
[__main__]>[2017-11-03 15:17:27,289]|: inputWord NOT exists would
[__main__]>[2017-11-03 15:17:27,289]|: inputWord NOT exists like
[__main__]>[2017-11-03 15:17:27,289]|: inputWord NOT exists you
[__main__]>[2017-11-03 15:17:27,289]|: inputWord NOT exists to
[__main__]>[2017-11-03 15:17:27,289]|: inputWord NOT exists set
[__main__]>[2017-11-03 15:17:27,290]|: inputWord NOT exists up
[__main__]>[2017-11-03 15:17:27,290]|: inputWord NOT exists a
[__main__]>[2017-11-03 15:17:27,290]|: inputWord exists meeting
[__main__]>[2017-11-03 15:17:28,159]|: Started new MEx instance
[__main__]>[2017-11-03 15:17:28,159]|: ['task', 'who']
[__main__]>[2017-11-03 15:17:28,159]|: Input: can you call Phil
[__main__]>[2017-11-03 15:17:28,159]|: inputWord NOT exists can
[__main__]>[2017-11-03 15:17:28,159]|: inputWord NOT exists you
[__main__]>[2017-11-03 15:17:28,160]|: inputWord exists call
[__main__]>[2017-11-03 15:17:28,160]|: inputWord NOT exists Phil
